 
****************************************
Report : area
Design : data_driven_new
Version: T-2022.03-SP5-4
Date   : Wed Mar 25 16:12:05 2026
****************************************

Information: Updating design information... (UID-85)
Library(s) Used:

    saed32rvt_ss0p95v125c (File: /home/ece/ASICFULL/ASIC-Flow_labs_v1p4/library_32nm/SAED32_EDK/lib/stdcell_rvt/db_nldm/saed32rvt_ss0p95v125c.db)

Number of ports:                           67
Number of nets:                           148
Number of cells:                          114
Number of combinational cells:             50
Number of sequential cells:                64
Number of macros/black boxes:               0
Number of buf/inv:                          7
Number of references:                       7

Combinational area:                174.596926
Buf/Inv area:                        9.911616
Noncombinational area:             455.426056
Macro/Black Box area:                0.000000
Net Interconnect area:              86.808138

Total cell area:                   630.022982
Total area:                        716.831121
1
